Arguments: 
  /usr/bin/nodejs /home/son/.yarn/bin/yarn.js version

PATH: 
  /home/son/.yarn/bin:/usr/local/sbin:/usr/local/bin:/usr/sbin:/usr/bin:/sbin:/bin:/usr/games:/usr/local/games:/snap/bin:/usr/lib/jvm/java-8-oracle/bin:/usr/lib/jvm/java-8-oracle/db/bin:/usr/lib/jvm/java-8-oracle/jre/bin

Yarn version: 
  1.0.2

Node version: 
  4.7.2

Platform: 
  linux x64

npm manifest: 
  {
    "name": "basic",
    "version": "1.0.0",
    "description": "",
    "main": "app.js",
    "scripts": {
      "start": "webpack-dev-server --progress --colors --hot --inline --watch --config ./webpack/webpack.config.js"
    },
    "author": "min",
    "license": "ISC",
    "dependencies": {
      "html-webpack-plugin": "^2.30.1",
      "lodash": "^4.17.4",
      "moment": "^2.18.1",
      "moment-timezone": "^0.5.13",
      "react": "^15.6.1",
      "react-dom": "^15.6.1",
      "react-foundation": "^0.9.0",
      "react-moment": "^0.6.4",
      "react-redux": "^5.0.6",
      "redux": "^3.7.2",
      "webpack": "^3.5.5",
      "webpack-dev-server": "^2.7.1"
    },
    "babel": {
      "presets": [
        "es2015",
        "react",
        "stage-2"
      ]
    },
    "devDependencies": {
      "babel-cli": "^6.26.0",
      "babel-core": "^6.26.0",
      "babel-eslint": "^7.2.3",
      "babel-loader": "^7.1.2",
      "babel-plugin-transform-class-properties": "^6.24.1",
      "babel-preset-es2015": "^6.24.1",
      "babel-preset-flow": "^6.23.0",
      "babel-preset-react": "^6.24.1",
      "babel-preset-stage-2": "^6.24.1",
      "classnames": "^2.2.5",
      "css-loader": "^0.28.5",
      "eslint": "^4.5.0",
      "eslint-config-google": "^0.9.1",
      "eslint-plugin-react": "^7.3.0",
      "extract-text-webpack-plugin": "^2.1.2",
      "file-loader": "^0.11.2",
      "flow-bin": "^0.54.1",
      "node-sass": "^4.5.3",
      "react-hot-loader": "^1.3.1",
      "sass-loader": "^6.0.6",
      "style-loader": "^0.18.2",
      "url-loader": "^0.5.9"
    }
  }

yarn manifest: 
  No manifest

Lockfile: 
  No lockfile

Trace: 
  Error: canceled
      at Interface.<anonymous> (/home/son/.yarn/lib/cli.js:115330:13)
      at emitNone (events.js:67:13)
      at Interface.emit (events.js:166:7)
      at Interface._ttyWrite (readline.js:692:16)
      at ReadStream.onkeypress (readline.js:107:10)
      at emitTwo (events.js:87:13)
      at ReadStream.emit (events.js:172:7)
      at emitKeys (readline.js:1277:14)
      at next (native)
      at ReadStream.onData (readline.js:932:36)
